<?xml version="1.0" encoding="UTF-8"?>
<testng-results ignored="0" total="1" passed="1" failed="0" skipped="0">
  <reporter-output>
  </reporter-output>
  <suite started-at="2024-11-20T18:49:29 IST" name="Default suite" finished-at="2024-11-20T18:49:38 IST" duration-ms="8857">
    <groups>
    </groups>
    <test started-at="2024-11-20T18:49:29 IST" name="Default test" finished-at="2024-11-20T18:49:38 IST" duration-ms="8857">
      <class name="p1.c1">
        <test-method signature="d()[pri:0, instance:p1.c1@82de64a]" started-at="2024-11-20T18:49:29 IST" name="d" finished-at="2024-11-20T18:49:38 IST" duration-ms="8706" status="PASS">
          <reporter-output>
          </reporter-output>
        </test-method> <!-- d -->
      </class> <!-- p1.c1 -->
    </test> <!-- Default test -->
  </suite> <!-- Default suite -->
</testng-results>
